Started GET "/" for 127.0.0.1 at 2018-03-19 19:45:54 -0600
Processing by WelcomeController#homepage as HTML
  Rendering welcome/homepage.html.erb within layouts/application
  Rendered welcome/homepage.html.erb within layouts/application (1.3ms)
Completed 200 OK in 5588ms (Views: 5364.4ms)


Started GET "/" for 127.0.0.1 at 2018-03-23 10:05:15 -0600
Processing by WelcomeController#homepage as HTML
  Rendering welcome/homepage.html.erb within layouts/application
  Rendered welcome/homepage.html.erb within layouts/application (1.5ms)
Completed 200 OK in 4541ms (Views: 4384.2ms)


Started GET "/" for 127.0.0.1 at 2018-03-23 10:08:48 -0600
Processing by WelcomeController#homepage as HTML
  Rendering welcome/homepage.html.erb within layouts/application
  Rendered welcome/homepage.html.erb within layouts/application (1.6ms)
Completed 200 OK in 576ms (Views: 346.8ms)


Started GET "/" for 127.0.0.1 at 2018-03-23 10:11:40 -0600
Processing by WelcomeController#homepage as HTML
  Rendering welcome/homepage.html.erb within layouts/application
  Rendered welcome/homepage.html.erb within layouts/application (1.2ms)
Completed 200 OK in 606ms (Views: 382.7ms)


Started GET "/" for 127.0.0.1 at 2018-03-23 10:11:54 -0600
Processing by WelcomeController#homepage as HTML
  Rendering welcome/homepage.html.erb within layouts/application
  Rendered welcome/homepage.html.erb within layouts/application (1.0ms)
Completed 200 OK in 512ms (Views: 330.2ms)


Started GET "/" for 127.0.0.1 at 2018-03-23 10:11:59 -0600
Processing by WelcomeController#homepage as HTML
  Rendering welcome/homepage.html.erb within layouts/application
  Rendered welcome/homepage.html.erb within layouts/application (0.8ms)
Completed 200 OK in 93ms (Views: 90.7ms)


Started GET "/" for 127.0.0.1 at 2018-03-23 10:12:22 -0600
Processing by WelcomeController#homepage as HTML
  Rendering welcome/homepage.html.erb within layouts/application
  Rendered welcome/homepage.html.erb within layouts/application (1.0ms)
Completed 200 OK in 459ms (Views: 276.5ms)


Started GET "/" for 127.0.0.1 at 2018-03-23 10:18:43 -0600
Processing by WelcomeController#homepage as HTML
  Rendering welcome/homepage.html.erb within layouts/application
  Rendered welcome/homepage.html.erb within layouts/application (1.3ms)
Completed 200 OK in 576ms (Views: 345.9ms)


Started GET "/" for 127.0.0.1 at 2018-03-23 10:19:24 -0600
Processing by WelcomeController#homepage as HTML
  Rendering welcome/homepage.html.erb within layouts/application
  Rendered welcome/homepage.html.erb within layouts/application (1.0ms)
Completed 200 OK in 458ms (Views: 273.9ms)


Started GET "/" for 127.0.0.1 at 2018-03-23 10:20:01 -0600
Processing by WelcomeController#homepage as HTML
  Rendering welcome/homepage.html.erb within layouts/application
  Rendered welcome/homepage.html.erb within layouts/application (0.9ms)
Completed 200 OK in 447ms (Views: 273.7ms)


Started GET "/" for 127.0.0.1 at 2018-03-23 10:21:02 -0600
Processing by WelcomeController#homepage as HTML
  Rendering welcome/homepage.html.erb within layouts/application
  Rendered welcome/homepage.html.erb within layouts/application (1.3ms)
Completed 200 OK in 455ms (Views: 282.7ms)


Started GET "/" for 127.0.0.1 at 2018-03-23 10:21:29 -0600
Processing by WelcomeController#homepage as HTML
  Rendering welcome/homepage.html.erb within layouts/application
  Rendered welcome/homepage.html.erb within layouts/application (1.0ms)
Completed 200 OK in 449ms (Views: 270.4ms)


Started GET "/" for 127.0.0.1 at 2018-03-23 10:21:49 -0600
Processing by WelcomeController#homepage as HTML
  Rendering welcome/homepage.html.erb within layouts/application
  Rendered welcome/homepage.html.erb within layouts/application (1.3ms)
Completed 200 OK in 458ms (Views: 285.0ms)


Started GET "/" for 127.0.0.1 at 2018-03-23 10:25:43 -0600
Processing by WelcomeController#homepage as HTML
  Rendering welcome/homepage.html.erb within layouts/application
  Rendered welcome/homepage.html.erb within layouts/application (1.5ms)
Completed 200 OK in 4189ms (Views: 3975.0ms)


Started GET "/" for 127.0.0.1 at 2018-03-23 10:25:50 -0600
Processing by WelcomeController#homepage as HTML
  Rendering welcome/homepage.html.erb within layouts/application
  Rendered welcome/homepage.html.erb within layouts/application (0.6ms)
Completed 200 OK in 51ms (Views: 48.5ms)


Started GET "/" for 127.0.0.1 at 2018-03-23 10:26:01 -0600
Processing by WelcomeController#homepage as HTML
  Rendering welcome/homepage.html.erb within layouts/application
  Rendered welcome/homepage.html.erb within layouts/application (1.2ms)
Completed 200 OK in 504ms (Views: 281.8ms)


Started GET "/" for 127.0.0.1 at 2018-03-23 10:27:27 -0600
Processing by WelcomeController#homepage as HTML
  Rendering welcome/homepage.html.erb within layouts/application
  Rendered welcome/homepage.html.erb within layouts/application (1.4ms)
Completed 200 OK in 487ms (Views: 267.3ms)


Started GET "/" for 127.0.0.1 at 2018-03-23 10:27:32 -0600
Processing by WelcomeController#homepage as HTML
  Rendering welcome/homepage.html.erb within layouts/application
  Rendered welcome/homepage.html.erb within layouts/application (1.6ms)
Completed 200 OK in 92ms (Views: 89.9ms)


Started GET "/" for 127.0.0.1 at 2018-03-23 10:30:55 -0600
Processing by WelcomeController#homepage as HTML
  Rendering welcome/homepage.html.erb within layouts/application
  Rendered welcome/homepage.html.erb within layouts/application (1.4ms)
Completed 200 OK in 4225ms (Views: 3999.4ms)


Started GET "/" for 127.0.0.1 at 2018-03-23 11:01:35 -0600
Processing by WelcomeController#homepage as HTML
  Rendering welcome/homepage.html.erb within layouts/application
  Rendered welcome/homepage.html.erb within layouts/application (1.3ms)
Completed 200 OK in 5848ms (Views: 5620.3ms)


  
ActionController::RoutingError (No route matches [GET] "/assets/bootstrap.min.css"):
  
actionpack (5.1.5) lib/action_dispatch/middleware/debug_exceptions.rb:63:in `call'
web-console (3.5.1) lib/web_console/middleware.rb:135:in `call_app'
web-console (3.5.1) lib/web_console/middleware.rb:28:in `block in call'
web-console (3.5.1) lib/web_console/middleware.rb:18:in `catch'
web-console (3.5.1) lib/web_console/middleware.rb:18:in `call'
actionpack (5.1.5) lib/action_dispatch/middleware/show_exceptions.rb:31:in `call'
railties (5.1.5) lib/rails/rack/logger.rb:36:in `call_app'
railties (5.1.5) lib/rails/rack/logger.rb:24:in `block in call'
activesupport (5.1.5) lib/active_support/tagged_logging.rb:69:in `block in tagged'
activesupport (5.1.5) lib/active_support/tagged_logging.rb:26:in `tagged'
activesupport (5.1.5) lib/active_support/tagged_logging.rb:69:in `tagged'
railties (5.1.5) lib/rails/rack/logger.rb:24:in `call'
sprockets-rails (3.2.1) lib/sprockets/rails/quiet_assets.rb:11:in `block in call'
activesupport (5.1.5) lib/active_support/logger_silence.rb:20:in `silence'
activesupport (5.1.5) lib/active_support/logger.rb:63:in `block (3 levels) in broadcast'
activesupport (5.1.5) lib/active_support/logger_silence.rb:20:in `silence'
activesupport (5.1.5) lib/active_support/logger.rb:61:in `block (2 levels) in broadcast'
sprockets-rails (3.2.1) lib/sprockets/rails/quiet_assets.rb:11:in `call'
actionpack (5.1.5) lib/action_dispatch/middleware/remote_ip.rb:79:in `call'
actionpack (5.1.5) lib/action_dispatch/middleware/request_id.rb:25:in `call'
rack (2.0.4) lib/rack/method_override.rb:22:in `call'
rack (2.0.4) lib/rack/runtime.rb:22:in `call'
activesupport (5.1.5) lib/active_support/cache/strategy/local_cache_middleware.rb:27:in `call'
actionpack (5.1.5) lib/action_dispatch/middleware/executor.rb:12:in `call'
actionpack (5.1.5) lib/action_dispatch/middleware/static.rb:125:in `call'
rack (2.0.4) lib/rack/sendfile.rb:111:in `call'
railties (5.1.5) lib/rails/engine.rb:522:in `call'
puma (3.11.3) lib/puma/configuration.rb:225:in `call'
puma (3.11.3) lib/puma/server.rb:624:in `handle_request'
puma (3.11.3) lib/puma/server.rb:438:in `process_client'
puma (3.11.3) lib/puma/server.rb:302:in `block in run'
puma (3.11.3) lib/puma/thread_pool.rb:120:in `block in spawn_thread'
